INFO  2023-11-04T12:03:58.848 ThreadId(18) [1P:op-settings/src/store/json_store.rs:117] Settings file "/home/$USER/.config/1Password/settings/settings.json" missing, using defaults.
INFO  2023-11-04T12:03:58.855 ThreadId(18) [client:typescript] Client starting.
ERROR 2023-11-04T12:03:58.972 ThreadId(18) [1P:ffi/op-core-node/src/lib.rs:775] Failed to load crash reports from disk: Os { code: 2, kind: NotFound, message: "No such file or directory" }
INFO  2023-11-04T12:03:58.975 ThreadId(18) [1P:op-localization/src/lib.rs:227] system locale detected as 'en-US'
INFO  2023-11-04T12:03:58.975 ThreadId(18) [1P:op-localization/src/lib.rs:253] selected translations for EN_US based on detected locale en-US
INFO  2023-11-04T12:03:58.975 ThreadId(18) [status:op-app/src/app.rs:547] App::new(1Password for Linux/81018040 (EN_US), /home/$USER/.config/1Password/1password.sqlite)
INFO  2023-11-04T12:03:58.981 ThreadId(18) [1P:data/op-db/src/core_db/db.rs:444] Table Integrity Check Succeeded
INFO  2023-11-04T12:03:58.981 ThreadId(18) [1P:data/op-db/src/core_db/db.rs:460] DB Integrity Check Succeeded
INFO  2023-11-04T12:03:58.982 ThreadId(18) [1P:data/op-db/src/core_db/db.rs:135] Starting DB at version: 0
INFO  2023-11-04T12:03:58.982 ThreadId(18) [1P:data/op-db/src/core_db/db.rs:150] Database is being created at '/home/$USER/.config/1Password/1password.sqlite' (sqlite: 3039002)
INFO  2023-11-04T12:03:58.987 ThreadId(18) [1P:data/op-db/src/core_db/db.rs:574] Updated DB Schema to version 001
INFO  2023-11-04T12:03:58.990 ThreadId(18) [1P:data/op-db/src/core_db/db.rs:596] Updated DB Schema to version 002
INFO  2023-11-04T12:03:58.993 ThreadId(18) [1P:data/op-db/src/core_db/db.rs:608] Updated DB Schema to version 003
INFO  2023-11-04T12:03:58.995 ThreadId(18) [1P:data/op-db/src/core_db/db.rs:624] Updated DB Schema to version 005
INFO  2023-11-04T12:03:58.997 ThreadId(18) [1P:data/op-db/src/core_db/db.rs:640] Updated DB Schema to version 006
INFO  2023-11-04T12:03:58.999 ThreadId(18) [1P:data/op-db/src/core_db/db.rs:654] Updated DB Schema to version 007
INFO  2023-11-04T12:03:59.001 ThreadId(18) [1P:data/op-db/src/core_db/db.rs:668] Updated DB Schema to version 008
INFO  2023-11-04T12:03:59.002 ThreadId(18) [1P:data/op-db/src/core_db/db.rs:682] Updated DB Schema to version 009
INFO  2023-11-04T12:03:59.004 ThreadId(18) [1P:data/op-db/src/core_db/db.rs:696] Updated DB Schema to version 011
INFO  2023-11-04T12:03:59.005 ThreadId(18) [1P:data/op-db/src/core_db/db.rs:711] Updated DB Schema to version 012
INFO  2023-11-04T12:03:59.007 ThreadId(18) [1P:data/op-db/src/core_db/db.rs:725] Updated DB Schema to version 013
INFO  2023-11-04T12:03:59.008 ThreadId(18) [1P:data/op-db/src/core_db/db.rs:739] Updated DB Schema to version 014
INFO  2023-11-04T12:03:59.011 ThreadId(18) [1P:data/op-db/src/core_db/db.rs:753] Updated DB Schema to version 015
INFO  2023-11-04T12:03:59.013 ThreadId(18) [1P:data/op-db/src/core_db/db.rs:767] Updated DB Schema to version 016
INFO  2023-11-04T12:03:59.016 ThreadId(18) [1P:data/op-db/src/core_db/db.rs:781] Updated DB Schema to version 017
INFO  2023-11-04T12:03:59.019 ThreadId(18) [1P:data/op-db/src/core_db/db.rs:795] Updated DB Schema to version 018
INFO  2023-11-04T12:03:59.021 ThreadId(18) [1P:data/op-db/src/core_db/db.rs:809] Updated DB Schema to version 019
INFO  2023-11-04T12:03:59.025 ThreadId(18) [1P:data/op-db/src/core_db/db.rs:923] Updated DB Schema to version 021
INFO  2023-11-04T12:03:59.027 ThreadId(18) [1P:data/op-db/src/core_db/db.rs:937] Updated DB Schema to version 022
INFO  2023-11-04T12:03:59.029 ThreadId(18) [1P:data/op-db/src/core_db/db.rs:951] Updated DB Schema to version 023
INFO  2023-11-04T12:03:59.031 ThreadId(18) [1P:data/op-db/src/core_db/db.rs:965] Updated DB Schema to version 024
INFO  2023-11-04T12:03:59.033 ThreadId(18) [1P:data/op-db/src/core_db/db.rs:979] Updated DB Schema to version 025
INFO  2023-11-04T12:03:59.036 ThreadId(18) [1P:data/op-db/src/core_db/db.rs:1093] Updated DB Schema to version 026
INFO  2023-11-04T12:03:59.038 ThreadId(18) [1P:data/op-db/src/core_db/db.rs:1107] Updated DB Schema to version 027
INFO  2023-11-04T12:03:59.041 ThreadId(18) [1P:data/op-db/src/core_db/db.rs:1121] Updated DB Schema to version 028
INFO  2023-11-04T12:03:59.043 ThreadId(18) [1P:data/op-db/src/core_db/db.rs:1135] Updated DB Schema to version 029
INFO  2023-11-04T12:03:59.055 ThreadId(18) [1P:ssh/op-ssh-config/src/lib.rs:248] agent not configured
INFO  2023-11-04T12:03:59.063 tokio-runtime-worker(ThreadId(2)) [1P:native-messaging/op-native-core-integration/src/lib.rs:329] Starting IPC listener on 1Password-BrowserSupport
INFO  2023-11-04T12:03:59.064 tokio-runtime-worker(ThreadId(7)) [1P:native-messaging/op-native-core-integration/src/lib.rs:341] Active native core integration is awaiting messages
INFO  2023-11-04T12:03:59.066 tokio-runtime-worker(ThreadId(15)) [1P:native-messaging/op-nm-installer/src/nix_utils.rs:48] Creating manifest directory for Chromium at /home/$USER/.config/google-chrome/NativeMessagingHosts
INFO  2023-11-04T12:03:59.066 tokio-runtime-worker(ThreadId(15)) [1P:native-messaging/op-nm-installer/src/nix_utils.rs:68] Created NMH manifest at /home/$USER/.config/google-chrome/NativeMessagingHosts/com.1password.1password.json
INFO  2023-11-04T12:03:59.066 tokio-runtime-worker(ThreadId(15)) [1P:native-messaging/op-nm-installer/src/nix_utils.rs:48] Creating manifest directory for Chromium at /home/$USER/.config/google-chrome-beta/NativeMessagingHosts
INFO  2023-11-04T12:03:59.066 tokio-runtime-worker(ThreadId(15)) [1P:native-messaging/op-nm-installer/src/nix_utils.rs:68] Created NMH manifest at /home/$USER/.config/google-chrome-beta/NativeMessagingHosts/com.1password.1password.json
INFO  2023-11-04T12:03:59.066 tokio-runtime-worker(ThreadId(15)) [1P:native-messaging/op-nm-installer/src/nix_utils.rs:48] Creating manifest directory for Chromium at /home/$USER/.config/google-chrome-unstable/NativeMessagingHosts
INFO  2023-11-04T12:03:59.066 tokio-runtime-worker(ThreadId(15)) [1P:native-messaging/op-nm-installer/src/nix_utils.rs:68] Created NMH manifest at /home/$USER/.config/google-chrome-unstable/NativeMessagingHosts/com.1password.1password.json
INFO  2023-11-04T12:03:59.066 tokio-runtime-worker(ThreadId(15)) [1P:native-messaging/op-nm-installer/src/nix_utils.rs:48] Creating manifest directory for Chromium at /home/$USER/.config/chromium/NativeMessagingHosts
INFO  2023-11-04T12:03:59.066 tokio-runtime-worker(ThreadId(15)) [1P:native-messaging/op-nm-installer/src/nix_utils.rs:68] Created NMH manifest at /home/$USER/.config/chromium/NativeMessagingHosts/com.1password.1password.json
INFO  2023-11-04T12:03:59.066 tokio-runtime-worker(ThreadId(15)) [1P:native-messaging/op-nm-installer/src/nix_utils.rs:48] Creating manifest directory for Chromium at /home/$USER/.config/microsoft-edge-dev/NativeMessagingHosts
INFO  2023-11-04T12:03:59.066 tokio-runtime-worker(ThreadId(15)) [1P:native-messaging/op-nm-installer/src/nix_utils.rs:68] Created NMH manifest at /home/$USER/.config/microsoft-edge-dev/NativeMessagingHosts/com.1password.1password.json
INFO  2023-11-04T12:03:59.066 tokio-runtime-worker(ThreadId(15)) [1P:native-messaging/op-nm-installer/src/nix_utils.rs:48] Creating manifest directory for Chromium at /home/$USER/.config/BraveSoftware/Brave-Browser/NativeMessagingHosts
INFO  2023-11-04T12:03:59.066 tokio-runtime-worker(ThreadId(15)) [1P:native-messaging/op-nm-installer/src/nix_utils.rs:68] Created NMH manifest at /home/$USER/.config/BraveSoftware/Brave-Browser/NativeMessagingHosts/com.1password.1password.json
INFO  2023-11-04T12:03:59.067 tokio-runtime-worker(ThreadId(15)) [1P:native-messaging/op-nm-installer/src/nix_utils.rs:48] Creating manifest directory for Chromium at /home/$USER/.config/vivaldi/NativeMessagingHosts
INFO  2023-11-04T12:03:59.067 tokio-runtime-worker(ThreadId(15)) [1P:native-messaging/op-nm-installer/src/nix_utils.rs:68] Created NMH manifest at /home/$USER/.config/vivaldi/NativeMessagingHosts/com.1password.1password.json
INFO  2023-11-04T12:03:59.067 tokio-runtime-worker(ThreadId(15)) [1P:native-messaging/op-nm-installer/src/nix_utils.rs:48] Creating manifest directory for Chromium at /home/$USER/.config/vivaldi-snapshot/NativeMessagingHosts
INFO  2023-11-04T12:03:59.067 tokio-runtime-worker(ThreadId(15)) [1P:native-messaging/op-nm-installer/src/nix_utils.rs:68] Created NMH manifest at /home/$USER/.config/vivaldi-snapshot/NativeMessagingHosts/com.1password.1password.json
INFO  2023-11-04T12:03:59.068 tokio-runtime-worker(ThreadId(15)) [1P:native-messaging/op-nm-installer/src/nix_utils.rs:48] Creating manifest directory for Firefox at /home/$USER/.mozilla/native-messaging-hosts
INFO  2023-11-04T12:03:59.068 tokio-runtime-worker(ThreadId(15)) [1P:native-messaging/op-nm-installer/src/nix_utils.rs:68] Created NMH manifest at /home/$USER/.mozilla/native-messaging-hosts/com.1password.1password.json
INFO  2023-11-04T12:03:59.068 tokio-runtime-worker(ThreadId(15)) [1P:native-messaging/op-nm-installer/src/nix_utils.rs:83] Successfully installed all native messaging manifests.
INFO  2023-11-04T12:03:59.073 tokio-runtime-worker(ThreadId(7)) [1P:ssh/op-agent-controller/src/desktop.rs:438] Starting filesystem watcher for SSH agent configuration directories...
ERROR 2023-11-04T12:03:59.074 tokio-runtime-worker(ThreadId(7)) [1P:/builds/dev/core/core/ssh/op-agent-controller/src/desktop.rs:439] Io(Os { code: 2, kind: NotFound, message: "No such file or directory" })
WARN  2023-11-04T12:03:59.082 tokio-runtime-worker(ThreadId(20)) [1P:foundation/op-linux/src/kernel_keyring.rs:840] failed to initialize keyring helper, its functionality will be unavailable: Io(Error { kind: UnexpectedEof, message: "failed to fill whole buffer" })
ERROR 2023-11-04T12:03:59.113 ThreadId(18) [client:typescript] Could not load window state.
INFO  2023-11-04T12:05:05.412 tokio-runtime-worker(ThreadId(6)) [1P:op-b5-client/src/internal/unauthorized_session.rs:851] Registered device i3c3yqsmfrm3g7ywn2zdpuldq4
INFO  2023-11-04T12:05:05.798 tokio-runtime-worker(ThreadId(6)) [1P:op-app/src/mfa_ui.rs:111] Available MFA methods for desktop: [Webauthn { context: <MfaWebauthnContext> }, Totp(<u32>)]
INFO  2023-11-04T12:05:05.798 tokio-runtime-worker(ThreadId(6)) [1P:op-b5-client/src/internal/unauthorized_session.rs:1203] Multi-factor authentication method has been selected.
INFO  2023-11-04T12:05:05.799 tokio-runtime-worker(ThreadId(6)) [1P:op-app/src/mfa_ui.rs:158] Prompting user for MFA
INFO  2023-11-04T12:05:45.552 tokio-runtime-worker(ThreadId(15)) [1P:op-b5-client/src/internal/unauthorized_session.rs:1265] Verifying device secret (MFA) with server...
INFO  2023-11-04T12:05:45.632 tokio-runtime-worker(ThreadId(2)) [1P:op-b5-client/src/internal/unauthorized_session.rs:921] Device secret was verified
INFO  2023-11-04T12:06:15.458 tokio-runtime-worker(ThreadId(2)) [1P:op-b5-client/src/internal/unauthorized_session.rs:930] 2FA authentication completed, 2FA token is now in system keyring
INFO  2023-11-04T12:06:15.459 tokio-runtime-worker(ThreadId(15)) [1P:data/op-add-account/src/first_sync.rs:403] starting initial account sync
INFO  2023-11-04T12:06:16.634 tokio-runtime-worker(ThreadId(2)) [1P:op-syncer/src/sync_job.rs:315] synced account PFSCOU7SCBFLJEOH4RMTIBROAU (1.173905347s)
INFO  2023-11-04T12:06:16.847 tokio-runtime-worker(ThreadId(2)) [1P:/builds/dev/core/core/data/ext/op-account-ext-settings-authentication/src/lib.rs:187] loaded settings authentication key: none
INFO  2023-11-04T12:06:16.848 tokio-runtime-worker(ThreadId(7)) [1P:data/ext/op-account-ext-items/src/lib.rs:240] loaded 0 items in 15 vaults for account: PFSCOU7SCBFLJEOH4RMTIBROAU
INFO  2023-11-04T12:06:16.849 tokio-runtime-worker(ThreadId(6)) [1P:op-app/src/app/backend/load.rs:375] starting refresher task during initial account sign-in
INFO  2023-11-04T12:06:16.850 tokio-runtime-worker(ThreadId(14)) [1P:op-app/src/app/backend/load.rs:384] refreshing ui for pending sign-in
ERROR 2023-11-04T12:06:16.851 tokio-runtime-worker(ThreadId(7)) [1P:op-auto-lock/src/linux.rs:209] Could not connect to the X server: XcbEventError
INFO  2023-11-04T12:06:16.852 tokio-runtime-worker(ThreadId(14)) [1P:data/ext/op-account-ext-settings-authentication/src/lib.rs:243] No and/or corrupt account setting authentication key, generating a new one.
INFO  2023-11-04T12:06:16.852 tokio-runtime-worker(ThreadId(14)) [1P:data/ext/op-account-ext-settings-authentication/src/lib.rs:263] Applying new setting authentication key (056994ad0295ab70) to account (PFSCOU7SCBFLJEOH4RMTIBROAU).
INFO  2023-11-04T12:06:16.852 tokio-runtime-worker(ThreadId(14)) [1P:op-settings/src/store/json_store.rs:704] initializing settings authentication with key 056994ad0295ab70
INFO  2023-11-04T12:06:16.852 tokio-runtime-worker(ThreadId(14)) [1P:op-settings/src/store/json_store.rs:117] Settings file "/home/$USER/.config/1Password/settings/settings.json" missing, using defaults.
INFO  2023-11-04T12:06:16.852 tokio-runtime-worker(ThreadId(15)) [1P:op-app/src/app/backend/unlock.rs:132] Lock state changed: Unlocked
INFO  2023-11-04T12:06:16.856 tokio-runtime-worker(ThreadId(2)) [1P:op-app/src/app/backend/unlock.rs:221] Processing unlocked account PFSCOU7SCBFLJEOH4RMTIBROAU
INFO  2023-11-04T12:06:17.006 tokio-runtime-worker(ThreadId(15)) [1P:data/ext/op-account-ext-syncer/src/lib.rs:257] The B5 Notifier for (PFSCOU7SCBFLJEOH4RMTIBROAU) has connected, now monitoring for events.
INFO  2023-11-04T12:06:17.162 tokio-runtime-worker(ThreadId(4)) [1P:op-app/src/app/backend/signin.rs:686] cancelling a sign in session
INFO  2023-11-04T12:06:17.162 ThreadId(22) [1P:data/op-db/src/core_db/db.rs:330] vacuuming db
INFO  2023-11-04T12:06:17.931 tokio-runtime-worker(ThreadId(13)) [1P:op-syncer/src/sync_job.rs:315] synced account PFSCOU7SCBFLJEOH4RMTIBROAU (1.08208044s)
INFO  2023-11-04T12:06:17.932 tokio-runtime-worker(ThreadId(6)) [1P:data/op-file-transfer/src/lib.rs:561] find_and_complete_pending_uploads: 'PFSCOU7SCBFLJEOH4RMTIBROAU'
INFO  2023-11-04T12:06:17.932 tokio-runtime-worker(ThreadId(6)) [1P:op-app/src/app/backend/load.rs:389] shutting down refresher task
INFO  2023-11-04T12:06:18.003 tokio-runtime-worker(ThreadId(4)) [1P:op-syncer/src/sync_job.rs:315] synced account PFSCOU7SCBFLJEOH4RMTIBROAU (0.071522289s)
INFO  2023-11-04T15:02:58.667 tokio-runtime-worker(ThreadId(7)) [1P:op-b5-client/src/internal/unauthorized_session.rs:1265] Verifying device secret (MFA) with server...
INFO  2023-11-04T15:02:58.711 tokio-runtime-worker(ThreadId(13)) [1P:op-b5-client/src/internal/unauthorized_session.rs:921] Device secret was verified
INFO  2023-11-04T15:02:58.711 tokio-runtime-worker(ThreadId(13)) [1P:op-b5-client/src/internal/unauthorized_session.rs:939] No new device secret was given as current one is still valid and verified
INFO  2023-11-04T15:02:58.780 tokio-runtime-worker(ThreadId(7)) [1P:op-syncer/src/sync_job.rs:315] synced account PFSCOU7SCBFLJEOH4RMTIBROAU (0.670010508s)
ERROR 2023-11-05T19:20:33.056 ThreadId(18) [client:typescript] Could not save window state.
ERROR 2023-11-05T19:20:35.185 ThreadId(18) [client:typescript] Could not save window state.
ERROR 2023-11-05T19:31:53.056 ThreadId(18) [client:typescript] Could not save window state.
ERROR 2023-11-05T19:32:13.100 ThreadId(18) [client:typescript] Could not save window state.
