2023-11-04 12:39:20 Loading main app package /nix/store/jv1wj2l5yci834j21ig9dp2cid3jz6pf-obsidian-1.4.16/share/obsidian/obsidian.asar
2023-11-04 12:39:21 Checking for update using Github
2023-11-04 12:39:21 Success.
2023-11-04 12:39:21 Latest version is 1.4.16
2023-11-04 12:39:21 App is up to date.
2023-11-04 12:39:30 Loading main app package /nix/store/jv1wj2l5yci834j21ig9dp2cid3jz6pf-obsidian-1.4.16/share/obsidian/obsidian.asar
2023-11-04 12:39:30 Checking for update using Github
2023-11-04 12:39:30 Success.
2023-11-04 12:39:30 Latest version is 1.4.16
2023-11-04 12:39:30 App is up to date.
2023-11-04 12:39:46 Loading main app package /nix/store/jv1wj2l5yci834j21ig9dp2cid3jz6pf-obsidian-1.4.16/share/obsidian/obsidian.asar
2023-11-04 12:39:46 Checking for update using Github
2023-11-04 12:39:46 Success.
2023-11-04 12:39:46 Latest version is 1.4.16
2023-11-04 12:39:46 App is up to date.
2023-11-04 12:40:09 Loading main app package /nix/store/jv1wj2l5yci834j21ig9dp2cid3jz6pf-obsidian-1.4.16/share/obsidian/obsidian.asar
2023-11-04 12:40:09 Checking for update using Github
2023-11-04 12:40:09 Success.
2023-11-04 12:40:09 Latest version is 1.4.16
2023-11-04 12:40:09 App is up to date.
2023-11-04 12:40:38 Loading main app package /nix/store/jv1wj2l5yci834j21ig9dp2cid3jz6pf-obsidian-1.4.16/share/obsidian/obsidian.asar
2023-11-04 12:40:38 Checking for update using Github
2023-11-04 12:40:38 Success.
2023-11-04 12:40:38 Latest version is 1.4.16
2023-11-04 12:40:38 App is up to date.
2023-11-04 12:41:30 Loading main app package /nix/store/jv1wj2l5yci834j21ig9dp2cid3jz6pf-obsidian-1.4.16/share/obsidian/obsidian.asar
2023-11-04 12:41:31 Checking for update using Github
2023-11-04 12:41:31 Success.
2023-11-04 12:41:31 Latest version is 1.4.16
2023-11-04 12:41:31 App is up to date.
2023-11-05 17:11:51 Loading main app package /nix/store/jv1wj2l5yci834j21ig9dp2cid3jz6pf-obsidian-1.4.16/share/obsidian/obsidian.asar
2023-11-05 17:11:51 Checking for update using Github
2023-11-05 17:11:52 Success.
2023-11-05 17:11:52 Latest version is 1.4.16
2023-11-05 17:11:52 App is up to date.
2023-11-05 17:15:28 Loading main app package /nix/store/jv1wj2l5yci834j21ig9dp2cid3jz6pf-obsidian-1.4.16/share/obsidian/obsidian.asar
2023-11-05 17:15:28 Checking for update using Github
2023-11-05 17:15:28 Success.
2023-11-05 17:15:28 Latest version is 1.4.16
2023-11-05 17:15:28 App is up to date.
2023-11-05 17:19:01 Loading main app package /nix/store/jv1wj2l5yci834j21ig9dp2cid3jz6pf-obsidian-1.4.16/share/obsidian/obsidian.asar
2023-11-05 17:19:01 Checking for update using Github
2023-11-05 17:19:02 Success.
2023-11-05 17:19:02 Latest version is 1.4.16
2023-11-05 17:19:02 App is up to date.
2023-11-05 18:19:01 Checking for update using Github
2023-11-05 18:19:01 Success.
2023-11-05 18:19:01 Latest version is 1.4.16
2023-11-05 18:19:01 App is up to date.
2023-11-05 18:26:18 Loading main app package /nix/store/jv1wj2l5yci834j21ig9dp2cid3jz6pf-obsidian-1.4.16/share/obsidian/obsidian.asar
2023-11-05 18:26:18 Checking for update using Github
